0 info it worked if it ends with ok
1 verbose cli [ 'C:\\Program Files\\nodejs\\node.exe',
1 verbose cli   'C:\\Program Files\\nodejs\\node_modules\\npm\\bin\\npm-cli.js',
1 verbose cli   'run',
1 verbose cli   'start' ]
2 info using npm@3.10.10
3 info using node@v6.17.1
4 verbose run-script [ 'prestart', 'start', 'poststart' ]
5 info lifecycle tricky-socket@1.0.0~prestart: tricky-socket@1.0.0
6 silly lifecycle tricky-socket@1.0.0~prestart: no script for prestart, continuing
7 info lifecycle tricky-socket@1.0.0~start: tricky-socket@1.0.0
8 verbose lifecycle tricky-socket@1.0.0~start: unsafe-perm in lifecycle true
9 verbose lifecycle tricky-socket@1.0.0~start: PATH: C:\Users\JUANDA~1\AppData\Roaming\nvm\v6.17.1\node_modules\npm\bin\node-gyp-bin;C:\Users\Juan David\Desktop\Tricky\tricky-socket\node_modules\.bin;C:\Users\Juan David\Documents\CMDER\bin;C:\Users\Juan David\Documents\CMDER\vendor\bin;C:\Users\Juan David\Documents\CMDER\vendor\conemu-maximus5\ConEmu\Scripts;C:\Users\Juan David\Documents\CMDER\vendor\conemu-maximus5;C:\Users\Juan David\Documents\CMDER\vendor\conemu-maximus5\ConEmu;C:\Program Files (x86)\Common Files\Oracle\Java\javapath;C:\WINDOWS\system32;C:\WINDOWS;C:\WINDOWS\System32\Wbem;C:\WINDOWS\System32\WindowsPowerShell\v1.0\;C:\WINDOWS\System32\OpenSSH\;C:\Program Files\Git\cmd;C:\Program Files\dotnet\;C:\Program Files\Microsoft SQL Server\130\Tools\Binn\;C:\Program Files\Microsoft SQL Server\Client SDK\ODBC\170\Tools\Binn\;%NVM_HOME%;%NVM_SYMLINK%;C:\Program Files\MySQL\MySQL Shell 8.0\bin\;C:\Users\Juan David\AppData\Local\Programs\Microsoft VS Code\bin;C:\Users\Juan David\AppData\Roaming\nvm;C:\Program Files\nodejs;C:\Program Files\Git\cmd;C:\Program Files\Git\mingw64\bin;C:\Program Files\Git\usr\bin;C:\Users\Juan David\Documents\CMDER
10 verbose lifecycle tricky-socket@1.0.0~start: CWD: C:\Users\Juan David\Desktop\Tricky\tricky-socket
11 silly lifecycle tricky-socket@1.0.0~start: Args: [ '/d /s /c', 'node -r esm main.js' ]
12 silly lifecycle tricky-socket@1.0.0~start: Returned: code: 1  signal: null
13 info lifecycle tricky-socket@1.0.0~start: Failed to exec start script
14 verbose stack Error: tricky-socket@1.0.0 start: `node -r esm main.js`
14 verbose stack Exit status 1
14 verbose stack     at EventEmitter.<anonymous> (C:\Users\JUANDA~1\AppData\Roaming\nvm\v6.17.1\node_modules\npm\lib\utils\lifecycle.js:255:16)
14 verbose stack     at emitTwo (events.js:106:13)
14 verbose stack     at EventEmitter.emit (events.js:191:7)
14 verbose stack     at ChildProcess.<anonymous> (C:\Users\JUANDA~1\AppData\Roaming\nvm\v6.17.1\node_modules\npm\lib\utils\spawn.js:40:14)
14 verbose stack     at emitTwo (events.js:106:13)
14 verbose stack     at ChildProcess.emit (events.js:191:7)
14 verbose stack     at maybeClose (internal/child_process.js:920:16)
14 verbose stack     at Process.ChildProcess._handle.onexit (internal/child_process.js:230:5)
15 verbose pkgid tricky-socket@1.0.0
16 verbose cwd C:\Users\Juan David\Desktop\Tricky\tricky-socket
17 error Windows_NT 10.0.17134
18 error argv "C:\\Program Files\\nodejs\\node.exe" "C:\\Program Files\\nodejs\\node_modules\\npm\\bin\\npm-cli.js" "run" "start"
19 error node v6.17.1
20 error npm  v3.10.10
21 error code ELIFECYCLE
22 error tricky-socket@1.0.0 start: `node -r esm main.js`
22 error Exit status 1
23 error Failed at the tricky-socket@1.0.0 start script 'node -r esm main.js'.
23 error Make sure you have the latest version of node.js and npm installed.
23 error If you do, this is most likely a problem with the tricky-socket package,
23 error not with npm itself.
23 error Tell the author that this fails on your system:
23 error     node -r esm main.js
23 error You can get information on how to open an issue for this project with:
23 error     npm bugs tricky-socket
23 error Or if that isn't available, you can get their info via:
23 error     npm owner ls tricky-socket
23 error There is likely additional logging output above.
24 verbose exit [ 1, true ]
